0 info it worked if it ends with ok
1 verbose cli [ '/usr/bin/node', '/usr/bin/npm', 'start' ]
2 info using npm@3.10.10
3 info using node@v6.17.1
4 verbose run-script [ 'prestart', 'start', 'poststart' ]
5 info lifecycle gulp-starter-kit@1.2.0~prestart: gulp-starter-kit@1.2.0
6 silly lifecycle gulp-starter-kit@1.2.0~prestart: no script for prestart, continuing
7 info lifecycle gulp-starter-kit@1.2.0~start: gulp-starter-kit@1.2.0
8 verbose lifecycle gulp-starter-kit@1.2.0~start: unsafe-perm in lifecycle true
9 verbose lifecycle gulp-starter-kit@1.2.0~start: PATH: /usr/lib/node_modules/npm/bin/node-gyp-bin:/home/alextriam/GH9/kurov-hw-4/node_modules/.bin:/home/alextriam/.rvm/gems/ruby-2.5.1/bin:/home/alextriam/.rvm/gems/ruby-2.5.1@global/bin:/home/alextriam/.rvm/rubies/ruby-2.5.1/bin:/home/alextriam/bin:/home/alextriam/.local/bin:/home/alextriam/bin:/home/alextriam/.local/bin:/usr/local/sbin:/usr/local/bin:/usr/sbin:/usr/bin:/sbin:/bin:/usr/games:/usr/local/games:/snap/bin:/home/alextriam/.rvm/bin:/home/alextriam/.rvm/bin:/home/alextriam/.rvm/bin
10 verbose lifecycle gulp-starter-kit@1.2.0~start: CWD: /home/alextriam/GH9/kurov-hw-4
11 silly lifecycle gulp-starter-kit@1.2.0~start: Args: [ '-c', 'cross-env PORT=1234 gulp start --development ' ]
12 silly lifecycle gulp-starter-kit@1.2.0~start: Returned: code: 1  signal: null
13 info lifecycle gulp-starter-kit@1.2.0~start: Failed to exec start script
14 verbose stack Error: gulp-starter-kit@1.2.0 start: `cross-env PORT=1234 gulp start --development `
14 verbose stack Exit status 1
14 verbose stack     at EventEmitter.<anonymous> (/usr/lib/node_modules/npm/lib/utils/lifecycle.js:255:16)
14 verbose stack     at emitTwo (events.js:106:13)
14 verbose stack     at EventEmitter.emit (events.js:191:7)
14 verbose stack     at ChildProcess.<anonymous> (/usr/lib/node_modules/npm/lib/utils/spawn.js:40:14)
14 verbose stack     at emitTwo (events.js:106:13)
14 verbose stack     at ChildProcess.emit (events.js:191:7)
14 verbose stack     at maybeClose (internal/child_process.js:920:16)
14 verbose stack     at Process.ChildProcess._handle.onexit (internal/child_process.js:230:5)
15 verbose pkgid gulp-starter-kit@1.2.0
16 verbose cwd /home/alextriam/GH9/kurov-hw-4
17 error Linux 4.15.0-70-generic
18 error argv "/usr/bin/node" "/usr/bin/npm" "start"
19 error node v6.17.1
20 error npm  v3.10.10
21 error code ELIFECYCLE
22 error gulp-starter-kit@1.2.0 start: `cross-env PORT=1234 gulp start --development `
22 error Exit status 1
23 error Failed at the gulp-starter-kit@1.2.0 start script 'cross-env PORT=1234 gulp start --development '.
23 error Make sure you have the latest version of node.js and npm installed.
23 error If you do, this is most likely a problem with the gulp-starter-kit package,
23 error not with npm itself.
23 error Tell the author that this fails on your system:
23 error     cross-env PORT=1234 gulp start --development
23 error You can get information on how to open an issue for this project with:
23 error     npm bugs gulp-starter-kit
23 error Or if that isn't available, you can get their info via:
23 error     npm owner ls gulp-starter-kit
23 error There is likely additional logging output above.
24 verbose exit [ 1, true ]
